<?xml version="1.0" encoding="UTF-8"?>
<!-- Generated by org.testng.reporters.JUnitReportReporter -->
<testsuite hostname="Divya" failures="0" tests="1" name="com.testCase.in.OHRM_TCL_013" time="22.564" errors="0" timestamp="2024-07-25T16:41:10 IST" skipped="0">
  <testcase classname="com.testCase.in.OHRM_TCL_013" name="LorUcaseForBothUsandPw" time="22.564"/>
</testsuite> <!-- com.testCase.in.OHRM_TCL_013 -->
