<?xml version="1.0" encoding="UTF-8"?>
<!-- Generated by org.testng.reporters.JUnitReportReporter -->
<testsuite hostname="Divya" failures="0" tests="1" name="com.testCase.in.OHRM_TCL_001" time="23.374" errors="0" timestamp="2024-07-25T16:41:10 IST" skipped="0">
  <testcase classname="com.testCase.in.OHRM_TCL_001" name="vUsvPw" time="23.374"/>
</testsuite> <!-- com.testCase.in.OHRM_TCL_001 -->
