<?xml version="1.0" encoding="UTF-8"?>
<!-- Generated by org.testng.reporters.JUnitReportReporter -->
<testsuite hostname="Divya" failures="0" tests="1" name="com.testCase.in.OHRM_TCL_015" time="14.546" errors="0" timestamp="2024-07-25T16:41:10 IST" skipped="0">
  <testcase classname="com.testCase.in.OHRM_TCL_015" name="hiddenVisibilityofPW" time="14.546"/>
</testsuite> <!-- com.testCase.in.OHRM_TCL_015 -->
