<?xml version="1.0" encoding="UTF-8"?>
<!-- Generated by org.testng.reporters.JUnitReportReporter -->
<testsuite hostname="Divya" failures="0" tests="2" name="com.testCase.in.OHRM_TCL_025" time="28.562" errors="0" timestamp="2024-07-26T07:31:38 IST" skipped="0">
  <testcase classname="com.testCase.in.OHRM_TCL_025" name="vUsvPw" time="19.532"/>
  <testcase classname="com.testCase.in.OHRM_TCL_025" name="OpeningBrowserwithoutLoggedOut" time="9.030"/>
</testsuite> <!-- com.testCase.in.OHRM_TCL_025 -->
