<?xml version="1.0" encoding="UTF-8"?>
<!-- Generated by org.testng.reporters.JUnitReportReporter -->
<testsuite hostname="Divya" failures="0" tests="1" name="com.testCase.in.OHRM_TCL_026" time="22.070" errors="0" timestamp="2024-07-25T16:41:10 IST" skipped="0">
  <testcase classname="com.testCase.in.OHRM_TCL_026" name="minimumCharInUsername" time="22.070"/>
</testsuite> <!-- com.testCase.in.OHRM_TCL_026 -->
